Using pre-set license
Built from '2021.3/staging' branch; Version is '2021.3.5f1 (40eb3a945986) revision 4254522'; Using compiler version '192829333'; Build Type 'Release'
OS: 'Windows 10  (10.0.18363) 64bit Education' Language: 'ko' Physical Memory: 16300 MB
BatchMode: 1, IsHumanControllingUs: 0, StartBugReporterOnCrash: 0, Is64bit: 1, IsPro: 1

COMMAND LINE ARGUMENTS:
C:\Program Files\Unity\Hub\Editor\2021.3.5f1\Editor\Unity.exe
-adb2
-batchMode
-noUpm
-name
AssetImportWorker0
-projectPath
C:/Users/Administrator/Desktop/My project (1)
-logFile
Logs/AssetImportWorker0.log
-srvPort
61901
Successfully changed project path to: C:/Users/Administrator/Desktop/My project (1)
C:/Users/Administrator/Desktop/My project (1)
[UnityMemory] Configuration Parameters - Can be set up in boot.config
    "memorysetup-bucket-allocator-granularity=16"
    "memorysetup-bucket-allocator-bucket-count=8"
    "memorysetup-bucket-allocator-block-size=33554432"
    "memorysetup-bucket-allocator-block-count=8"
    "memorysetup-main-allocator-block-size=16777216"
    "memorysetup-thread-allocator-block-size=16777216"
    "memorysetup-gfx-main-allocator-block-size=16777216"
    "memorysetup-gfx-thread-allocator-block-size=16777216"
    "memorysetup-cache-allocator-block-size=4194304"
    "memorysetup-typetree-allocator-block-size=2097152"
    "memorysetup-profiler-bucket-allocator-granularity=16"
    "memorysetup-profiler-bucket-allocator-bucket-count=8"
    "memorysetup-profiler-bucket-allocator-block-size=33554432"
    "memorysetup-profiler-bucket-allocator-block-count=8"
    "memorysetup-profiler-allocator-block-size=16777216"
    "memorysetup-profiler-editor-allocator-block-size=1048576"
    "memorysetup-temp-allocator-size-main=16777216"
    "memorysetup-job-temp-allocator-block-size=2097152"
    "memorysetup-job-temp-allocator-block-size-background=1048576"
    "memorysetup-job-temp-allocator-reduction-small-platforms=262144"
    "memorysetup-temp-allocator-size-background-worker=32768"
    "memorysetup-temp-allocator-size-job-worker=262144"
    "memorysetup-temp-allocator-size-preload-manager=33554432"
    "memorysetup-temp-allocator-size-nav-mesh-worker=65536"
    "memorysetup-temp-allocator-size-audio-worker=65536"
    "memorysetup-temp-allocator-size-cloud-worker=32768"
    "memorysetup-temp-allocator-size-gi-baking-worker=262144"
    "memorysetup-temp-allocator-size-gfx=262144"
Refreshing native plugins compatible for Editor in 74.09 ms, found 3 plugins.
Preloading 0 native plugins for Editor in 0.00 ms.
Initialize engine version: 2021.3.5f1 (40eb3a945986)
[Subsystems] Discovering subsystems at path C:/Program Files/Unity/Hub/Editor/2021.3.5f1/Editor/Data/Resources/UnitySubsystems
[Subsystems] Discovering subsystems at path C:/Users/Administrator/Desktop/My project (1)/Assets
GfxDevice: creating device client; threaded=0; jobified=0
Direct3D:
    Version:  Direct3D 11.0 [level 11.1]
    Renderer: NVIDIA GeForce GTX 1050 (ID=0x1c81)
    Vendor:   NVIDIA
    VRAM:     1977 MB
    Driver:   27.21.14.5671
Initialize mono
Mono path[0] = 'C:/Program Files/Unity/Hub/Editor/2021.3.5f1/Editor/Data/Managed'
Mono path[1] = 'C:/Program Files/Unity/Hub/Editor/2021.3.5f1/Editor/Data/MonoBleedingEdge/lib/mono/unityjit-win32'
Mono config path = 'C:/Program Files/Unity/Hub/Editor/2021.3.5f1/Editor/Data/MonoBleedingEdge/etc'
Using monoOptions --debugger-agent=transport=dt_socket,embedding=1,server=y,suspend=n,address=127.0.0.1:56952
Begin MonoManager ReloadAssembly
Registering precompiled unity dll's ...
Register platform support module: C:/Program Files/Unity/Hub/Editor/2021.3.5f1/Editor/Data/PlaybackEngines/WindowsStandaloneSupport/UnityEditor.WindowsStandalone.Extensions.dll
Registered in 0.002700 seconds.
Native extension for WindowsStandalone target not found
Refreshing native plugins compatible for Editor in 75.10 ms, found 3 plugins.
Preloading 0 native plugins for Editor in 0.00 ms.
Mono: successfully reloaded assembly
- Completed reload, in  0.542 seconds
Domain Reload Profiling:
	ReloadAssembly (542ms)
		BeginReloadAssembly (56ms)
			ExecutionOrderSort (0ms)
			DisableScriptedObjects (0ms)
			BackupInstance (0ms)
			ReleaseScriptingObjects (0ms)
			CreateAndSetChildDomain (1ms)
		EndReloadAssembly (399ms)
			LoadAssemblies (55ms)
			RebuildTransferFunctionScriptingTraits (0ms)
			SetupTypeCache (105ms)
			ReleaseScriptCaches (0ms)
			RebuildScriptCaches (24ms)
			SetupLoadedEditorAssemblies (226ms)
				LogAssemblyErrors (0ms)
				InitializePlatformSupportModulesInManaged (6ms)
				SetLoadedEditorAssemblies (0ms)
				RefreshPlugins (75ms)
				BeforeProcessingInitializeOnLoad (1ms)
				ProcessInitializeOnLoadAttributes (105ms)
				ProcessInitializeOnLoadMethodAttributes (39ms)
				AfterProcessingInitializeOnLoad (0ms)
				EditorAssembliesLoaded (0ms)
			ExecutionOrderSort2 (0ms)
			AwakeInstancesAfterBackupRestoration (0ms)
Platform modules already initialized, skipping
Registering precompiled user dll's ...
Registered in 0.003593 seconds.
Begin MonoManager ReloadAssembly
Symbol file LoadedFromMemory doesn't match image C:\Users\Administrator\Desktop\My project (1)\Library\PackageCache\com.unity.visualscripting@1.7.8\Editor\VisualScripting.Core\Dependencies\YamlDotNet\Unity.VisualScripting.YamlDotNet.dll
Symbol file LoadedFromMemory doesn't match image C:\Users\Administrator\Desktop\My project (1)\Library\PackageCache\com.unity.visualscripting@1.7.8\Editor\VisualScripting.Core\Dependencies\DotNetZip\Unity.VisualScripting.IonicZip.dll
Native extension for WindowsStandalone target not found
Refreshing native plugins compatible for Editor in 0.49 ms, found 3 plugins.
Preloading 0 native plugins for Editor in 0.00 ms.
Mono: successfully reloaded assembly
- Completed reload, in  0.892 seconds
Domain Reload Profiling:
	ReloadAssembly (892ms)
		BeginReloadAssembly (95ms)
			ExecutionOrderSort (0ms)
			DisableScriptedObjects (5ms)
			BackupInstance (0ms)
			ReleaseScriptingObjects (0ms)
			CreateAndSetChildDomain (17ms)
		EndReloadAssembly (693ms)
			LoadAssemblies (63ms)
			RebuildTransferFunctionScriptingTraits (0ms)
			SetupTypeCache (258ms)
			ReleaseScriptCaches (1ms)
			RebuildScriptCaches (44ms)
			SetupLoadedEditorAssemblies (295ms)
				LogAssemblyErrors (0ms)
				InitializePlatformSupportModulesInManaged (4ms)
				SetLoadedEditorAssemblies (0ms)
				RefreshPlugins (1ms)
				BeforeProcessingInitializeOnLoad (72ms)
				ProcessInitializeOnLoadAttributes (191ms)
				ProcessInitializeOnLoadMethodAttributes (23ms)
				AfterProcessingInitializeOnLoad (4ms)
				EditorAssembliesLoaded (0ms)
			ExecutionOrderSort2 (0ms)
			AwakeInstancesAfterBackupRestoration (5ms)
Platform modules already initialized, skipping
========================================================================
Worker process is ready to serve import requests
Launched and connected shader compiler UnityShaderCompiler.exe after 0.05 seconds
Refreshing native plugins compatible for Editor in 0.52 ms, found 3 plugins.
Preloading 0 native plugins for Editor in 0.00 ms.
Unloading 3368 Unused Serialized files (Serialized files now loaded: 0)
Unloading 27 unused Assets / (110.9 KB). Loaded Objects now: 3824.
Memory consumption went from 115.9 MB to 115.8 MB.
Total: 2.758500 ms (FindLiveObjects: 0.285100 ms CreateObjectMapping: 0.199400 ms MarkObjects: 2.194500 ms  DeleteObjects: 0.078600 ms)

AssetImportParameters requested are different than current active one (requested -> active):
  custom:video-decoder-ogg-theora: a1e56fd34408186e4bbccfd4996cb3dc -> 
  custom:container-muxer-webm: aa71ff27fc2769a1b78a27578f13a17b -> 
  custom:container-demuxer-webm: 4f35f7cbe854078d1ac9338744f61a02 -> 
  custom:video-encoder-webm-vp8: eb34c28f22e8b96e1ab97ce403110664 -> 
  custom:audio-encoder-webm-vorbis: bf7c407c2cedff20999df2af8eb42d56 -> 
  custom:framework-win-MediaFoundation: 216162199b28c13a410421893ffa2e32 -> 
  custom:container-demuxer-ogg: 62fdf1f143b41e24485cea50d1cbac27 -> 
  custom:video-decoder-webm-vp8: 9c59270c3fd7afecdb556c50c9e8de78 -> 
  custom:audio-decoder-ogg-vorbis: bf7c407c2cedff20999df2af8eb42d56 -> 
========================================================================
Received Import Request.
  Time since last request: 252.843702 seconds.
  path: Assets
  artifactKey: Guid(00000000000000001000000000000000) Importer(815301076,1909f56bfc062723c751e8b465ee728b)
Start importing Assets using Guid(00000000000000001000000000000000) Importer(815301076,1909f56bfc062723c751e8b465ee728b)  -> (artifact id: '79842766b460edbeab6a34051e857a80') in 0.008990 seconds 
========================================================================
Received Import Request.
  Time since last request: 2.532454 seconds.
  path: Assets/New Folder
  artifactKey: Guid(31a42943384d98f4cb43e55a21d7d7d7) Importer(815301076,1909f56bfc062723c751e8b465ee728b)
Start importing Assets/New Folder using Guid(31a42943384d98f4cb43e55a21d7d7d7) Importer(815301076,1909f56bfc062723c751e8b465ee728b)  -> (artifact id: '4e74de534d34e9524aa0bb04148e2c62') in 0.006437 seconds 
========================================================================
Received Import Request.
  Time since last request: 14.695285 seconds.
  path: Assets/Sound
  artifactKey: Guid(31a42943384d98f4cb43e55a21d7d7d7) Importer(815301076,1909f56bfc062723c751e8b465ee728b)
Start importing Assets/Sound using Guid(31a42943384d98f4cb43e55a21d7d7d7) Importer(815301076,1909f56bfc062723c751e8b465ee728b)  -> (artifact id: '618e6dd86a187bea727fc5dc3d6f8ba7') in 0.004837 seconds 
========================================================================
Received Import Request.
  Time since last request: 174.760876 seconds.
  path: Assets/Sound/Assets_Class_Sound_Sound_Explosion.mp3
  artifactKey: Guid(7cd4fef901d58134f84e63e347bcd9ef) Importer(815301076,1909f56bfc062723c751e8b465ee728b)
Start importing Assets/Sound/Assets_Class_Sound_Sound_Explosion.mp3 using Guid(7cd4fef901d58134f84e63e347bcd9ef) Importer(815301076,1909f56bfc062723c751e8b465ee728b)  -> (artifact id: '8d5d08e7787f565bfaa8dba15c084e54') in 0.088263 seconds 
========================================================================
Received Import Request.
  Time since last request: 0.000023 seconds.
  path: Assets/Sound/Assets_Class_Sound_Sound_Powerful.mp3
  artifactKey: Guid(2f1f59f520ebb504296c04b48e3ce4f2) Importer(815301076,1909f56bfc062723c751e8b465ee728b)
Start importing Assets/Sound/Assets_Class_Sound_Sound_Powerful.mp3 using Guid(2f1f59f520ebb504296c04b48e3ce4f2) Importer(815301076,1909f56bfc062723c751e8b465ee728b)  -> (artifact id: '0f71421687b8371da7ce089106977e12') in 0.013050 seconds 
========================================================================
Received Import Request.
  Time since last request: 201.887358 seconds.
  path: Assets/Sound Example
  artifactKey: Guid(31a42943384d98f4cb43e55a21d7d7d7) Importer(815301076,1909f56bfc062723c751e8b465ee728b)
Start importing Assets/Sound Example using Guid(31a42943384d98f4cb43e55a21d7d7d7) Importer(815301076,1909f56bfc062723c751e8b465ee728b)  -> (artifact id: 'fdd5154026a4dfcf659d63080e1f6936') in 0.006343 seconds 
========================================================================
Received Import Request.
  Time since last request: 2.991528 seconds.
  path: Assets/Sound Example/New Folder
  artifactKey: Guid(484216924e2d0e04fbc5538e6d484ade) Importer(815301076,1909f56bfc062723c751e8b465ee728b)
Start importing Assets/Sound Example/New Folder using Guid(484216924e2d0e04fbc5538e6d484ade) Importer(815301076,1909f56bfc062723c751e8b465ee728b)  -> (artifact id: '3a70d0478220cdd874f916659a1ccc70') in 0.004756 seconds 
========================================================================
Received Import Request.
  Time since last request: 4.523798 seconds.
  path: Assets/Sound Example/New Folder/New Folder
  artifactKey: Guid(6e591fc3cf4a6844ba5e887d684bacb3) Importer(815301076,1909f56bfc062723c751e8b465ee728b)
Start importing Assets/Sound Example/New Folder/New Folder using Guid(6e591fc3cf4a6844ba5e887d684bacb3) Importer(815301076,1909f56bfc062723c751e8b465ee728b)  -> (artifact id: '26cd76e39ab87ba713283e418bd8930c') in 0.004090 seconds 
========================================================================
Received Import Request.
  Time since last request: 114.434167 seconds.
  path: Assets/Sound Example/Sound
  artifactKey: Guid(484216924e2d0e04fbc5538e6d484ade) Importer(815301076,1909f56bfc062723c751e8b465ee728b)
Start importing Assets/Sound Example/Sound using Guid(484216924e2d0e04fbc5538e6d484ade) Importer(815301076,1909f56bfc062723c751e8b465ee728b)  -> (artifact id: 'dacccf26f4b2e150d9545166839cb384') in 0.004368 seconds 
========================================================================
Received Import Request.
  Time since last request: 17.413989 seconds.
  path: Assets/Sound Example/Texture
  artifactKey: Guid(8136d9b16eb60c94aaa76c57d5558dd9) Importer(815301076,1909f56bfc062723c751e8b465ee728b)
Start importing Assets/Sound Example/Texture using Guid(8136d9b16eb60c94aaa76c57d5558dd9) Importer(815301076,1909f56bfc062723c751e8b465ee728b)  -> (artifact id: '4ee86892b8e4fd61ae2e7d68cfb87aca') in 0.005907 seconds 
========================================================================
Received Import Request.
  Time since last request: 36.186884 seconds.
  path: Assets/Sound Example/Texture/Diffuse.tga
  artifactKey: Guid(2bebd3cd603c9bd43a15d3fe65963f81) Importer(815301076,1909f56bfc062723c751e8b465ee728b)
Start importing Assets/Sound Example/Texture/Diffuse.tga using Guid(2bebd3cd603c9bd43a15d3fe65963f81) Importer(815301076,1909f56bfc062723c751e8b465ee728b)  -> (artifact id: '11653df330203f8bdde849cee811d480') in 0.063294 seconds 
========================================================================
Received Import Request.
  Time since last request: 0.740776 seconds.
  path: Assets/Sound Example/Texture/Magic.png
  artifactKey: Guid(9aff4bd5521166241bd8e20b95ab259f) Importer(815301076,1909f56bfc062723c751e8b465ee728b)
Start importing Assets/Sound Example/Texture/Magic.png using Guid(9aff4bd5521166241bd8e20b95ab259f) Importer(815301076,1909f56bfc062723c751e8b465ee728b)  -> (artifact id: 'aef1cf7a03edb4b6d350b8450a8f00ce') in 0.040930 seconds 
Editor requested this worker to shutdown with reason: Scaling down because of idle timeout
AssetImportWorker is now disconnected from the server
Process exiting
Exiting without the bug reporter. Application will terminate with return code 0